<?xml version="1.0" encoding="UTF-8"?>
<!-- Generated by org.testng.reporters.JUnitXMLReporter -->
<testsuite hostname="LAPTOP-PP7LTPN0" ignored="0" name="Test" tests="3" failures="1" timestamp="01 Apr 2019 02:38:39 GMT" time="81.101" errors="0">
  <testcase name="validateLoginWithInvalidCredentials" time="3.858" classname="com.demoaut.newtours.TestScripts.InvalidCredentialsTest"/>
  <testcase name="loginValidation" time="6.489" classname="com.demoaut.newtours.TestScripts.ValidateLogin"/>
  <testcase name="ticketBookingTest" time="33.711" classname="com.demoaut.newtours.TestScripts.FlightBookingTestScript">
    <failure type="org.openqa.selenium.NoSuchElementException" message="no such element: Unable to locate element: {&amp;quot;method&amp;quot;:&amp;quot;css selector&amp;quot;,&amp;quot;selector&amp;quot;:&amp;quot;body &amp;gt; div &amp;gt; table &amp;gt; tbody &amp;gt; tr &amp;gt; td:nth-child(2) &amp;gt; table &amp;gt; tbody &amp;gt; tr:nth-child(4) &amp;gt; td &amp;gt; table &amp;gt; tbody &amp;gt; tr &amp;gt; td:nth-child(2) &amp;gt; table &amp;gt; tbody &amp;gt; tr:nth-child(5) &amp;gt; td &amp;gt; form &amp;gt; table &amp;gt; tbody &amp;gt; tr:nth-child(9) &amp;gt; td:nth-child(2) &amp;gt; font &amp;gt; font &amp;gt; input[type=&amp;quot;radio&amp;quot;]:nth-child(2)&amp;quot;}
  (Session info: chrome=73.0.3683.86)
  (Driver info: chromedriver=2.44.609538 (b655c5a60b0b544917107a59d4153d4bf78e1b90),platform=Windows NT 10.0.17134 x86_64) (WARNING: The server did not provide any stacktrace information)
Command duration or timeout: 0 milliseconds
For documentation on this error, please visit: https://www.seleniumhq.org/exceptions/no_such_element.html
Build info: version: &amp;apos;3.141.59&amp;apos;, revision: &amp;apos;e82be7d358&amp;apos;, time: &amp;apos;2018-11-14T08:25:48&amp;apos;
System info: host: &amp;apos;LAPTOP-PP7LTPN0&amp;apos;, ip: &amp;apos;192.168.43.140&amp;apos;, os.name: &amp;apos;Windows 10&amp;apos;, os.arch: &amp;apos;amd64&amp;apos;, os.version: &amp;apos;10.0&amp;apos;, java.version: &amp;apos;1.8.0_201&amp;apos;
Driver info: org.openqa.selenium.chrome.ChromeDriver
Capabilities {acceptInsecureCerts: false, acceptSslCerts: false, applicationCacheEnabled: false, browserConnectionEnabled: false, browserName: chrome, chrome: {chromedriverVersion: 2.44.609538 (b655c5a60b0b54..., userDataDir: C:\Users\Balaji\AppData\Loc...}, cssSelectorsEnabled: true, databaseEnabled: false, goog:chromeOptions: {debuggerAddress: localhost:54947}, handlesAlerts: true, hasTouchScreen: false, javascriptEnabled: true, locationContextEnabled: true, mobileEmulationEnabled: false, nativeEvents: true, networkConnectionEnabled: false, pageLoadStrategy: normal, platform: XP, platformName: XP, rotatable: false, setWindowRect: true, takesHeapSnapshot: true, takesScreenshot: true, unexpectedAlertBehaviour: ignore, unhandledPromptBehavior: ignore, version: 73.0.3683.86, webStorageEnabled: true}
Session ID: 634c3611e55b514639ca6d07dcc1625f
*** Element info: {Using=css selector, value=body &amp;gt; div &amp;gt; table &amp;gt; tbody &amp;gt; tr &amp;gt; td:nth-child(2) &amp;gt; table &amp;gt; tbody &amp;gt; tr:nth-child(4) &amp;gt; td &amp;gt; table &amp;gt; tbody &amp;gt; tr &amp;gt; td:nth-child(2) &amp;gt; table &amp;gt; tbody &amp;gt; tr:nth-child(5) &amp;gt; td &amp;gt; form &amp;gt; table &amp;gt; tbody &amp;gt; tr:nth-child(9) &amp;gt; td:nth-child(2) &amp;gt; font &amp;gt; font &amp;gt; input[type=&amp;quot;radio&amp;quot;]:nth-child(2)}">
      <![CDATA[org.openqa.selenium.NoSuchElementException: no such element: Unable to locate element: {"method":"css selector","selector":"body > div > table > tbody > tr > td:nth-child(2) > table > tbody > tr:nth-child(4) > td > table > tbody > tr > td:nth-child(2) > table > tbody > tr:nth-child(5) > td > form > table > tbody > tr:nth-child(9) > td:nth-child(2) > font > font > input[type="radio"]:nth-child(2)"}
  (Session info: chrome=73.0.3683.86)
  (Driver info: chromedriver=2.44.609538 (b655c5a60b0b544917107a59d4153d4bf78e1b90),platform=Windows NT 10.0.17134 x86_64) (WARNING: The server did not provide any stacktrace information)
Command duration or timeout: 0 milliseconds
For documentation on this error, please visit: https://www.seleniumhq.org/exceptions/no_such_element.html
Build info: version: '3.141.59', revision: 'e82be7d358', time: '2018-11-14T08:25:48'
System info: host: 'LAPTOP-PP7LTPN0', ip: '192.168.43.140', os.name: 'Windows 10', os.arch: 'amd64', os.version: '10.0', java.version: '1.8.0_201'
Driver info: org.openqa.selenium.chrome.ChromeDriver
Capabilities {acceptInsecureCerts: false, acceptSslCerts: false, applicationCacheEnabled: false, browserConnectionEnabled: false, browserName: chrome, chrome: {chromedriverVersion: 2.44.609538 (b655c5a60b0b54..., userDataDir: C:\Users\Balaji\AppData\Loc...}, cssSelectorsEnabled: true, databaseEnabled: false, goog:chromeOptions: {debuggerAddress: localhost:54947}, handlesAlerts: true, hasTouchScreen: false, javascriptEnabled: true, locationContextEnabled: true, mobileEmulationEnabled: false, nativeEvents: true, networkConnectionEnabled: false, pageLoadStrategy: normal, platform: XP, platformName: XP, rotatable: false, setWindowRect: true, takesHeapSnapshot: true, takesScreenshot: true, unexpectedAlertBehaviour: ignore, unhandledPromptBehavior: ignore, version: 73.0.3683.86, webStorageEnabled: true}
Session ID: 634c3611e55b514639ca6d07dcc1625f
*** Element info: {Using=css selector, value=body > div > table > tbody > tr > td:nth-child(2) > table > tbody > tr:nth-child(4) > td > table > tbody > tr > td:nth-child(2) > table > tbody > tr:nth-child(5) > td > form > table > tbody > tr:nth-child(9) > td:nth-child(2) > font > font > input[type="radio"]:nth-child(2)}
at org.openqa.selenium.remote.ErrorHandler.createThrowable(ErrorHandler.java:214)
at org.openqa.selenium.remote.ErrorHandler.throwIfResponseFailed(ErrorHandler.java:166)
at org.openqa.selenium.remote.http.JsonHttpResponseCodec.reconstructValue(JsonHttpResponseCodec.java:40)
at org.openqa.selenium.remote.http.AbstractHttpResponseCodec.decode(AbstractHttpResponseCodec.java:80)
at org.openqa.selenium.remote.http.AbstractHttpResponseCodec.decode(AbstractHttpResponseCodec.java:44)
at org.openqa.selenium.remote.HttpCommandExecutor.execute(HttpCommandExecutor.java:158)
at org.openqa.selenium.remote.service.DriverCommandExecutor.execute(DriverCommandExecutor.java:83)
at org.openqa.selenium.remote.RemoteWebDriver.execute(RemoteWebDriver.java:552)
at org.openqa.selenium.remote.RemoteWebDriver.findElement(RemoteWebDriver.java:323)
at org.openqa.selenium.remote.RemoteWebDriver.findElementByCssSelector(RemoteWebDriver.java:420)
at org.openqa.selenium.By$ByCssSelector.findElement(By.java:431)
at org.openqa.selenium.remote.RemoteWebDriver.findElement(RemoteWebDriver.java:315)
at org.openqa.selenium.support.pagefactory.DefaultElementLocator.findElement(DefaultElementLocator.java:69)
at org.openqa.selenium.support.pagefactory.internal.LocatingElementHandler.invoke(LocatingElementHandler.java:38)
at com.sun.proxy.$Proxy9.click(Unknown Source)
at com.demoaut.newtours.Pages.FlightFinder.findFlights(FlightFinder.java:27)
at com.demoaut.newtours.TestScripts.FlightBookingTestScript.ticketBookingTest(FlightBookingTestScript.java:30)
... Removed 29 stack frames]]>
    </failure>
  </testcase> <!-- ticketBookingTest -->
</testsuite> <!-- Test -->
